#-----------------------------------------------------------
# Vivado v2020.2 (64-bit)
# SW Build 3064766 on Wed Nov 18 09:12:45 MST 2020
# IP Build 3064653 on Wed Nov 18 14:17:31 MST 2020
# Start of session at: Wed Apr 17 14:42:09 2024
# Process ID: 9664
# Current directory: C:/Users/228046/Downloads/project_hhhh_2
# Command line: vivado.exe -gui_launcher_event rodinguilauncherevent11740 C:\Users\228046\Downloads\project_hhhh_2\project_hhhh.xpr
# Log file: C:/Users/228046/Downloads/project_hhhh_2/vivado.log
# Journal file: C:/Users/228046/Downloads/project_hhhh_2\vivado.jou
#-----------------------------------------------------------
start_gui
open_project C:/Users/228046/Downloads/project_hhhh_2/project_hhhh.xpr
INFO: [Project 1-313] Project file moved from 'C:/Users/246841/project_hhhh' since last save.
WARNING: [filemgmt 56-2] Default IP Output Path : Could not find the directory 'C:/Users/228046/Downloads/project_hhhh_2/project_hhhh.gen/sources_1', nor could it be found using path 'C:/Users/246841/project_hhhh/project_hhhh.gen/sources_1'.
Scanning sources...
Finished scanning sources
INFO: [IP_Flow 19-234] Refreshing IP repositories
INFO: [IP_Flow 19-1704] No user IP repositories specified
INFO: [IP_Flow 19-2313] Loaded Vivado IP repository 'C:/appz/Xilinx/Vivado/2020.2/data/ip'.
update_compile_order -fileset sources_1
open_project C:/Users/228046/Desktop/DE1_6_1/lfsr/lfsr.xpr
WARNING: [filemgmt 56-3] Default IP Output Path : Could not find the directory 'C:/Users/228046/Desktop/DE1_6_1/lfsr/lfsr.gen/sources_1'.
Scanning sources...
Finished scanning sources
INFO: [IP_Flow 19-234] Refreshing IP repositories
INFO: [IP_Flow 19-1704] No user IP repositories specified
INFO: [IP_Flow 19-2313] Loaded Vivado IP repository 'C:/appz/Xilinx/Vivado/2020.2/data/ip'.
update_compile_order -fileset sources_1
open_project C:/Users/228046/Desktop/DE1_3_1/display/display.xpr
WARNING: [filemgmt 56-3] Default IP Output Path : Could not find the directory 'C:/Users/228046/Desktop/DE1_3_1/display/display.gen/sources_1'.
Scanning sources...
Finished scanning sources
INFO: [IP_Flow 19-234] Refreshing IP repositories
INFO: [IP_Flow 19-1704] No user IP repositories specified
INFO: [IP_Flow 19-2313] Loaded Vivado IP repository 'C:/appz/Xilinx/Vivado/2020.2/data/ip'.
update_compile_order -fileset sources_1
current_project project_hhhh
update_compile_order -fileset sources_1
reset_run synth_1
launch_runs impl_1 -to_step write_bitstream -jobs 2
[Wed Apr 17 14:59:53 2024] Launched synth_1...
Run output will be captured here: C:/Users/228046/Downloads/project_hhhh_2/project_hhhh.runs/synth_1/runme.log
[Wed Apr 17 14:59:53 2024] Launched impl_1...
Run output will be captured here: C:/Users/228046/Downloads/project_hhhh_2/project_hhhh.runs/impl_1/runme.log
open_hw_manager
connect_hw_server -allow_non_jtag
INFO: [Labtools 27-2285] Connecting to hw_server url TCP:localhost:3121
INFO: [Labtools 27-2222] Launching hw_server...
INFO: [Labtools 27-2221] Launch Output:

****** Xilinx hw_server v2020.2
  **** Build date : Nov 18 2020 at 10:01:48
    ** Copyright 1986-2020 Xilinx, Inc. All Rights Reserved.


INFO: [Labtools 27-3415] Connecting to cs_server url TCP:localhost:3042
INFO: [Labtools 27-3417] Launching cs_server...
INFO: [Labtools 27-2221] Launch Output:


******** Xilinx cs_server v2020.2
  ****** Build date   : Nov 03 2020-22:02:56
    **** Build number : 2020.2.1604437376
      ** Copyright 2017-2020 Xilinx, Inc. All Rights Reserved.



connect_hw_server: Time (s): cpu = 00:00:01 ; elapsed = 00:00:09 . Memory (MB): peak = 1000.113 ; gain = 0.000
open_hw_target
INFO: [Labtoolstcl 44-466] Opening hw_target localhost:3121/xilinx_tcf/Digilent/210292AD2E26A
open_hw_target: Time (s): cpu = 00:00:04 ; elapsed = 00:00:05 . Memory (MB): peak = 2391.754 ; gain = 1391.641
set_property PROGRAM.FILE {C:/Users/228046/Downloads/project_hhhh_2/project_hhhh.runs/impl_1/top_level.bit} [get_hw_devices xc7a50t_0]
current_hw_device [get_hw_devices xc7a50t_0]
refresh_hw_device -update_hw_probes false [lindex [get_hw_devices xc7a50t_0] 0]
INFO: [Labtools 27-1434] Device xc7a50t (JTAG device index = 0) is programmed with a design that has no supported debug core(s) in it.
ERROR: [Labtoolstcl 44-513] HW Target shutdown. Closing target: localhost:3121/xilinx_tcf/Digilent/210292AD2E26A
disconnect_hw_server localhost:3121
connect_hw_server -allow_non_jtag
INFO: [Labtools 27-2285] Connecting to hw_server url TCP:localhost:3121
INFO: [Labtools 27-3415] Connecting to cs_server url TCP:localhost:3042
INFO: [Labtools 27-3414] Connected to existing cs_server.
open_hw_target
INFO: [Labtoolstcl 44-466] Opening hw_target localhost:3121/xilinx_tcf/Digilent/210292AD2E26A
ERROR: [Labtools 27-2269] No devices detected on target localhost:3121/xilinx_tcf/Digilent/210292AD2E26A.
Check cable connectivity and that the target board is powered up then
use the disconnect_hw_server and connect_hw_server to re-register this hardware target.
ERROR: [Common 17-39] 'open_hw_target' failed due to earlier errors.
INFO: [Labtools 27-1435] Device xc7a50t (JTAG device index = 0) is not programmed (DONE status = 0).
WARNING: [Labtoolstcl 44-129] No matching hw_ila_data was found.
ERROR: [Labtoolstcl 44-513] HW Target shutdown. Closing target: localhost:3121/xilinx_tcf/Digilent/210292AD2E26A
INFO: [Labtoolstcl 44-466] Opening hw_target localhost:3121/xilinx_tcf/Digilent/210292AD2E26A
INFO: [Labtools 27-1435] Device xc7a50t (JTAG device index = 0) is not programmed (DONE status = 0).
WARNING: [Labtoolstcl 44-129] No matching hw_ila_data was found.
set_property PROBES.FILE {} [get_hw_devices xc7a50t_0]
set_property FULL_PROBES.FILE {} [get_hw_devices xc7a50t_0]
set_property PROGRAM.FILE {C:/Users/228046/Downloads/project_hhhh_2/project_hhhh.runs/impl_1/top_level.bit} [get_hw_devices xc7a50t_0]
program_hw_devices [get_hw_devices xc7a50t_0]
INFO: [Labtools 27-3164] End of startup status: HIGH
refresh_hw_device [lindex [get_hw_devices xc7a50t_0] 0]
INFO: [Labtools 27-1434] Device xc7a50t (JTAG device index = 0) is programmed with a design that has no supported debug core(s) in it.
close_hw_manager
reset_run synth_1
launch_runs impl_1 -to_step write_bitstream -jobs 2
[Wed Apr 17 15:10:29 2024] Launched synth_1...
Run output will be captured here: C:/Users/228046/Downloads/project_hhhh_2/project_hhhh.runs/synth_1/runme.log
[Wed Apr 17 15:10:29 2024] Launched impl_1...
Run output will be captured here: C:/Users/228046/Downloads/project_hhhh_2/project_hhhh.runs/impl_1/runme.log
reset_run synth_1
WARNING: [Vivado 12-1017] Problems encountered:
1. Failed to delete one or more files in run directory C:/Users/228046/Downloads/project_hhhh_2/project_hhhh.runs/synth_1

launch_runs impl_1 -to_step write_bitstream -jobs 2
[Wed Apr 17 15:14:55 2024] Launched synth_1...
Run output will be captured here: C:/Users/228046/Downloads/project_hhhh_2/project_hhhh.runs/synth_1/runme.log
[Wed Apr 17 15:14:55 2024] Launched impl_1...
Run output will be captured here: C:/Users/228046/Downloads/project_hhhh_2/project_hhhh.runs/impl_1/runme.log
reset_run synth_1
launch_runs impl_1 -to_step write_bitstream -jobs 2
[Wed Apr 17 15:19:00 2024] Launched synth_1...
Run output will be captured here: C:/Users/228046/Downloads/project_hhhh_2/project_hhhh.runs/synth_1/runme.log
[Wed Apr 17 15:19:00 2024] Launched impl_1...
Run output will be captured here: C:/Users/228046/Downloads/project_hhhh_2/project_hhhh.runs/impl_1/runme.log
reset_run synth_1
launch_runs impl_1 -to_step write_bitstream -jobs 2
[Wed Apr 17 15:20:26 2024] Launched synth_1...
Run output will be captured here: C:/Users/228046/Downloads/project_hhhh_2/project_hhhh.runs/synth_1/runme.log
[Wed Apr 17 15:20:26 2024] Launched impl_1...
Run output will be captured here: C:/Users/228046/Downloads/project_hhhh_2/project_hhhh.runs/impl_1/runme.log
reset_run synth_1
launch_runs impl_1 -to_step write_bitstream -jobs 2
[Wed Apr 17 15:21:57 2024] Launched synth_1...
Run output will be captured here: C:/Users/228046/Downloads/project_hhhh_2/project_hhhh.runs/synth_1/runme.log
[Wed Apr 17 15:21:57 2024] Launched impl_1...
Run output will be captured here: C:/Users/228046/Downloads/project_hhhh_2/project_hhhh.runs/impl_1/runme.log
reset_run synth_1
launch_runs impl_1 -to_step write_bitstream -jobs 2
[Wed Apr 17 15:22:48 2024] Launched synth_1...
Run output will be captured here: C:/Users/228046/Downloads/project_hhhh_2/project_hhhh.runs/synth_1/runme.log
[Wed Apr 17 15:22:48 2024] Launched impl_1...
Run output will be captured here: C:/Users/228046/Downloads/project_hhhh_2/project_hhhh.runs/impl_1/runme.log
open_hw_manager
connect_hw_server -allow_non_jtag
INFO: [Labtools 27-2285] Connecting to hw_server url TCP:localhost:3121
INFO: [Labtools 27-2222] Launching hw_server...
INFO: [Labtools 27-2221] Launch Output:

****** Xilinx hw_server v2020.2
  **** Build date : Nov 18 2020 at 10:01:48
    ** Copyright 1986-2020 Xilinx, Inc. All Rights Reserved.


INFO: [Labtools 27-3415] Connecting to cs_server url TCP:localhost:3042
INFO: [Labtools 27-3417] Launching cs_server...
INFO: [Labtools 27-2221] Launch Output:


******** Xilinx cs_server v2020.2
  ****** Build date   : Nov 03 2020-22:02:56
    **** Build number : 2020.2.1604437376
      ** Copyright 2017-2020 Xilinx, Inc. All Rights Reserved.



connect_hw_server: Time (s): cpu = 00:00:01 ; elapsed = 00:00:09 . Memory (MB): peak = 2470.137 ; gain = 0.000
open_hw_target
INFO: [Labtoolstcl 44-466] Opening hw_target localhost:3121/xilinx_tcf/Digilent/210292AD2E26A
set_property PROGRAM.FILE {C:/Users/228046/Downloads/project_hhhh_2/project_hhhh.runs/impl_1/top_level.bit} [get_hw_devices xc7a50t_0]
current_hw_device [get_hw_devices xc7a50t_0]
refresh_hw_device -update_hw_probes false [lindex [get_hw_devices xc7a50t_0] 0]
INFO: [Labtools 27-1434] Device xc7a50t (JTAG device index = 0) is programmed with a design that has no supported debug core(s) in it.
set_property PROBES.FILE {} [get_hw_devices xc7a50t_0]
set_property FULL_PROBES.FILE {} [get_hw_devices xc7a50t_0]
set_property PROGRAM.FILE {C:/Users/228046/Downloads/project_hhhh_2/project_hhhh.runs/impl_1/top_level.bit} [get_hw_devices xc7a50t_0]
program_hw_devices [get_hw_devices xc7a50t_0]
INFO: [Labtools 27-3164] End of startup status: HIGH
refresh_hw_device [lindex [get_hw_devices xc7a50t_0] 0]
INFO: [Labtools 27-1434] Device xc7a50t (JTAG device index = 0) is programmed with a design that has no supported debug core(s) in it.
close_hw_manager
reset_run synth_1
launch_runs impl_1 -to_step write_bitstream -jobs 2
[Wed Apr 17 15:39:24 2024] Launched synth_1...
Run output will be captured here: C:/Users/228046/Downloads/project_hhhh_2/project_hhhh.runs/synth_1/runme.log
[Wed Apr 17 15:39:24 2024] Launched impl_1...
Run output will be captured here: C:/Users/228046/Downloads/project_hhhh_2/project_hhhh.runs/impl_1/runme.log
open_hw_manager
connect_hw_server -allow_non_jtag
INFO: [Labtools 27-2285] Connecting to hw_server url TCP:localhost:3121
INFO: [Labtools 27-2222] Launching hw_server...
INFO: [Labtools 27-2221] Launch Output:

****** Xilinx hw_server v2020.2
  **** Build date : Nov 18 2020 at 10:01:48
    ** Copyright 1986-2020 Xilinx, Inc. All Rights Reserved.


INFO: [Labtools 27-3415] Connecting to cs_server url TCP:localhost:3042
INFO: [Labtools 27-3417] Launching cs_server...
INFO: [Labtools 27-2221] Launch Output:


******** Xilinx cs_server v2020.2
  ****** Build date   : Nov 03 2020-22:02:56
    **** Build number : 2020.2.1604437376
      ** Copyright 2017-2020 Xilinx, Inc. All Rights Reserved.



connect_hw_server: Time (s): cpu = 00:00:01 ; elapsed = 00:00:09 . Memory (MB): peak = 2488.367 ; gain = 0.000
open_hw_target
INFO: [Labtoolstcl 44-466] Opening hw_target localhost:3121/xilinx_tcf/Digilent/210292AD2E26A
set_property PROGRAM.FILE {C:/Users/228046/Downloads/project_hhhh_2/project_hhhh.runs/impl_1/top_level.bit} [get_hw_devices xc7a50t_0]
current_hw_device [get_hw_devices xc7a50t_0]
refresh_hw_device -update_hw_probes false [lindex [get_hw_devices xc7a50t_0] 0]
INFO: [Labtools 27-1434] Device xc7a50t (JTAG device index = 0) is programmed with a design that has no supported debug core(s) in it.
close_project
close_project
exit
INFO: [Common 17-206] Exiting Vivado at Wed Apr 17 15:43:25 2024...
