#-----------------------------------------------------------
# Vivado v2020.2 (64-bit)
# SW Build 3064766 on Wed Nov 18 09:12:45 MST 2020
# IP Build 3064653 on Wed Nov 18 14:17:31 MST 2020
# Start of session at: Thu Apr 18 13:22:25 2024
# Process ID: 2264
# Current directory: C:/Users/246827/Downloads/project_hhhh_v4_1
# Command line: vivado.exe -gui_launcher_event rodinguilauncherevent12832 C:\Users\246827\Downloads\project_hhhh_v4_1\project_hhhh.xpr
# Log file: C:/Users/246827/Downloads/project_hhhh_v4_1/vivado.log
# Journal file: C:/Users/246827/Downloads/project_hhhh_v4_1\vivado.jou
#-----------------------------------------------------------
start_gui
open_project C:/Users/246827/Downloads/project_hhhh_v4_1/project_hhhh.xpr
WARNING: [filemgmt 56-3] Default IP Output Path : Could not find the directory 'C:/Users/246827/Downloads/project_hhhh_v4_1/project_hhhh.gen/sources_1'.
Scanning sources...
Finished scanning sources
INFO: [IP_Flow 19-234] Refreshing IP repositories
INFO: [IP_Flow 19-1704] No user IP repositories specified
INFO: [IP_Flow 19-2313] Loaded Vivado IP repository 'C:/appz/Xilinx/Vivado/2020.2/data/ip'.
update_compile_order -fileset sources_1
exit
INFO: [Common 17-206] Exiting Vivado at Thu Apr 18 13:25:32 2024...
